<?xml version="1.0" encoding="UTF-8"?>
<!-- Generated by org.testng.reporters.JUnitReportReporter -->
<testsuite hostname="DESKTOP-22C2S8K" failures="0" tests="1" name="Assigment.Aubergine.FinalExecution" time="41.195" errors="0" timestamp="2021-07-04T21:04:11 IST" skipped="0">
  <testcase classname="Assigment.Aubergine.FinalExecution" name="AccessURL" time="41.195"/>
  <system-out/>
</testsuite> <!-- Assigment.Aubergine.FinalExecution -->
